# JRE version: Java(TM) SE Runtime Environment (8.0_25-b18) (build 1.8.0_25-b18)
# Java VM: Java HotSpot(TM) 64-Bit Server VM (25.25-b02 mixed mode windows-amd64 compressed oops)
Heap:
 PSYoungGen      total 326656K, used 113274K [0x00000000eab00000, 0x00000000ffd00000, 0x0000000100000000)
  eden space 308224K, 36% used [0x00000000eab00000,0x00000000f199eb90,0x00000000fd800000)
  from space 18432K, 0% used [0x00000000feb00000,0x00000000feb00000,0x00000000ffd00000)
  to   space 18944K, 0% used [0x00000000fd800000,0x00000000fd800000,0x00000000fea80000)
 ParOldGen       total 95232K, used 43654K [0x00000000c0000000, 0x00000000c5d00000, 0x00000000eab00000)
  object space 95232K, 45% used [0x00000000c0000000,0x00000000c2aa1be0,0x00000000c5d00000)
 Metaspace       used 58326K, capacity 61972K, committed 62256K, reserved 1103872K
  class space    used 7749K, capacity 8411K, committed 8496K, reserved 1048576K
GC Heap History (10 events):
Event: 1265.159 GC heap before
{Heap before GC invocations=23 (full 5):
 PSYoungGen      total 325120K, used 17417K [0x00000000eab00000, 0x00000000ffd80000, 0x0000000100000000)
  eden space 303104K, 3% used [0x00000000eab00000,0x00000000eb62e860,0x00000000fd300000)
  from space 22016K, 27% used [0x00000000fd300000,0x00000000fd8d3f78,0x00000000fe880000)
  to   space 20480K, 0% used [0x00000000fe980000,0x00000000fe980000,0x00000000ffd80000)
 ParOldGen       total 95232K, used 51205K [0x00000000c0000000, 0x00000000c5d00000, 0x00000000eab00000)
  object space 95232K, 53% used [0x00000000c0000000,0x00000000c32015e0,0x00000000c5d00000)
 Metaspace       used 57892K, capacity 61168K, committed 61488K, reserved 1101824K
  class space    used 7729K, capacity 8373K, committed 8496K, reserved 1048576K
Event: 1265.198 GC heap after
Heap after GC invocations=23 (full 5):
 PSYoungGen      total 326144K, used 551K [0x00000000eab00000, 0x00000000ffd80000, 0x0000000100000000)
  eden space 305664K, 0% used [0x00000000eab00000,0x00000000eab00000,0x00000000fd580000)
  from space 20480K, 2% used [0x00000000fe980000,0x00000000fea09f58,0x00000000ffd80000)
  to   space 20480K, 0% used [0x00000000fd580000,0x00000000fd580000,0x00000000fe980000)
 ParOldGen       total 95232K, used 55034K [0x00000000c0000000, 0x00000000c5d00000, 0x00000000eab00000)
  object space 95232K, 57% used [0x00000000c0000000,0x00000000c35bea70,0x00000000c5d00000)
 Metaspace       used 57892K, capacity 61168K, committed 61488K, reserved 1101824K
  class space    used 7729K, capacity 8373K, committed 8496K, reserved 1048576K
}
Event: 1265.198 GC heap before
{Heap before GC invocations=24 (full 6):
 PSYoungGen      total 326144K, used 551K [0x00000000eab00000, 0x00000000ffd80000, 0x0000000100000000)
  eden space 305664K, 0% used [0x00000000eab00000,0x00000000eab00000,0x00000000fd580000)
  from space 20480K, 2% used [0x00000000fe980000,0x00000000fea09f58,0x00000000ffd80000)
  to   space 20480K, 0% used [0x00000000fd580000,0x00000000fd580000,0x00000000fe980000)
 ParOldGen       total 95232K, used 55034K [0x00000000c0000000, 0x00000000c5d00000, 0x00000000eab00000)
  object space 95232K, 57% used [0x00000000c0000000,0x00000000c35bea70,0x00000000c5d00000)
 Metaspace       used 57892K, capacity 61168K, committed 61488K, reserved 1101824K
  class space    used 7729K, capacity 8373K, committed 8496K, reserved 1048576K
Event: 1265.454 GC heap after
Heap after GC invocations=24 (full 6):
 PSYoungGen      total 326144K, used 0K [0x00000000eab00000, 0x00000000ffd80000, 0x0000000100000000)
  eden space 305664K, 0% used [0x00000000eab00000,0x00000000eab00000,0x00000000fd580000)
  from space 20480K, 0% used [0x00000000fe980000,0x00000000fe980000,0x00000000ffd80000)
  to   space 20480K, 0% used [0x00000000fd580000,0x00000000fd580000,0x00000000fe980000)
 ParOldGen       total 95232K, used 42208K [0x00000000c0000000, 0x00000000c5d00000, 0x00000000eab00000)
  object space 95232K, 44% used [0x00000000c0000000,0x00000000c2938180,0x00000000c5d00000)
 Metaspace       used 57505K, capacity 60550K, committed 61488K, reserved 1101824K
  class space    used 7657K, capacity 8262K, committed 8496K, reserved 1048576K
}
Event: 1386.302 GC heap before
{Heap before GC invocations=25 (full 6):
 PSYoungGen      total 326144K, used 305664K [0x00000000eab00000, 0x00000000ffd80000, 0x0000000100000000)
  eden space 305664K, 100% used [0x00000000eab00000,0x00000000fd580000,0x00000000fd580000)
  from space 20480K, 0% used [0x00000000fe980000,0x00000000fe980000,0x00000000ffd80000)
  to   space 20480K, 0% used [0x00000000fd580000,0x00000000fd580000,0x00000000fe980000)
 ParOldGen       total 95232K, used 42208K [0x00000000c0000000, 0x00000000c5d00000, 0x00000000eab00000)
  object space 95232K, 44% used [0x00000000c0000000,0x00000000c2938180,0x00000000c5d00000)
 Metaspace       used 58023K, capacity 61464K, committed 61744K, reserved 1101824K
  class space    used 7733K, capacity 8388K, committed 8496K, reserved 1048576K
Event: 1386.310 GC heap after
Heap after GC invocations=25 (full 6):
 PSYoungGen      total 326144K, used 4608K [0x00000000eab00000, 0x00000000ffe00000, 0x0000000100000000)
  eden space 305664K, 0% used [0x00000000eab00000,0x00000000eab00000,0x00000000fd580000)
  from space 20480K, 22% used [0x00000000fd580000,0x00000000fda00020,0x00000000fe980000)
  to   space 19456K, 0% used [0x00000000feb00000,0x00000000feb00000,0x00000000ffe00000)
 ParOldGen       total 95232K, used 42216K [0x00000000c0000000, 0x00000000c5d00000, 0x00000000eab00000)
  object space 95232K, 44% used [0x00000000c0000000,0x00000000c293a180,0x00000000c5d00000)
 Metaspace       used 58023K, capacity 61464K, committed 61744K, reserved 1101824K
  class space    used 7733K, capacity 8388K, committed 8496K, reserved 1048576K
}
Event: 1399.709 GC heap before
{Heap before GC invocations=26 (full 6):
 PSYoungGen      total 326144K, used 165709K [0x00000000eab00000, 0x00000000ffe00000, 0x0000000100000000)
  eden space 305664K, 52% used [0x00000000eab00000,0x00000000f48537a8,0x00000000fd580000)
  from space 20480K, 22% used [0x00000000fd580000,0x00000000fda00020,0x00000000fe980000)
  to   space 19456K, 0% used [0x00000000feb00000,0x00000000feb00000,0x00000000ffe00000)
 ParOldGen       total 95232K, used 42216K [0x00000000c0000000, 0x00000000c5d00000, 0x00000000eab00000)
  object space 95232K, 44% used [0x00000000c0000000,0x00000000c293a180,0x00000000c5d00000)
 Metaspace       used 58227K, capacity 61826K, committed 62000K, reserved 1103872K
  class space    used 7737K, capacity 8395K, committed 8496K, reserved 1048576K
Event: 1399.713 GC heap after
Heap after GC invocations=26 (full 6):
 PSYoungGen      total 326656K, used 3399K [0x00000000eab00000, 0x00000000ffd00000, 0x0000000100000000)
  eden space 308224K, 0% used [0x00000000eab00000,0x00000000eab00000,0x00000000fd800000)
  from space 18432K, 18% used [0x00000000feb00000,0x00000000fee51e30,0x00000000ffd00000)
  to   space 18944K, 0% used [0x00000000fd800000,0x00000000fd800000,0x00000000fea80000)
 ParOldGen       total 95232K, used 42224K [0x00000000c0000000, 0x00000000c5d00000, 0x00000000eab00000)
  object space 95232K, 44% used [0x00000000c0000000,0x00000000c293c180,0x00000000c5d00000)
 Metaspace       used 58227K, capacity 61826K, committed 62000K, reserved 1103872K
  class space    used 7737K, capacity 8395K, committed 8496K, reserved 1048576K
}
Event: 1399.713 GC heap before
{Heap before GC invocations=27 (full 7):
 PSYoungGen      total 326656K, used 3399K [0x00000000eab00000, 0x00000000ffd00000, 0x0000000100000000)
  eden space 308224K, 0% used [0x00000000eab00000,0x00000000eab00000,0x00000000fd800000)
  from space 18432K, 18% used [0x00000000feb00000,0x00000000fee51e30,0x00000000ffd00000)
  to   space 18944K, 0% used [0x00000000fd800000,0x00000000fd800000,0x00000000fea80000)
 ParOldGen       total 95232K, used 42224K [0x00000000c0000000, 0x00000000c5d00000, 0x00000000eab00000)
  object space 95232K, 44% used [0x00000000c0000000,0x00000000c293c180,0x00000000c5d00000)
 Metaspace       used 58227K, capacity 61826K, committed 62000K, reserved 1103872K
  class space    used 7737K, capacity 8395K, committed 8496K, reserved 1048576K
Event: 1399.940 GC heap after
Heap after GC invocations=27 (full 7):
 PSYoungGen      total 326656K, used 0K [0x00000000eab00000, 0x00000000ffd00000, 0x0000000100000000)
  eden space 308224K, 0% used [0x00000000eab00000,0x00000000eab00000,0x00000000fd800000)
  from space 18432K, 0% used [0x00000000feb00000,0x00000000feb00000,0x00000000ffd00000)
  to   space 18944K, 0% used [0x00000000fd800000,0x00000000fd800000,0x00000000fea80000)
 ParOldGen       total 95232K, used 43654K [0x00000000c0000000, 0x00000000c5d00000, 0x00000000eab00000)
  object space 95232K, 45% used [0x00000000c0000000,0x00000000c2aa1be0,0x00000000c5d00000)
 Metaspace       used 58227K, capacity 61826K, committed 62000K, reserved 1103872K
  class space    used 7737K, capacity 8395K, committed 8496K, reserved 1048576K
}

